C:\USERS\JOHAN.VU\DESKTOP\PTAMM\RELEASE\ATANCAMERA.OBJ
C:\USERS\JOHAN.VU\DESKTOP\PTAMM\RELEASE\CALIBCORNERPATCH.OBJ
C:\USERS\JOHAN.VU\DESKTOP\PTAMM\RELEASE\CALIBIMAGE.OBJ
C:\USERS\JOHAN.VU\DESKTOP\PTAMM\RELEASE\CAMERACALIBRATOR.EXE
C:\USERS\JOHAN.VU\DESKTOP\PTAMM\RELEASE\CAMERACALIBRATOR.EXE.INTERMEDIATE.MANIFEST
C:\USERS\JOHAN.VU\DESKTOP\PTAMM\RELEASE\CAMERACALIBRATOR.OBJ
C:\USERS\JOHAN.VU\DESKTOP\PTAMM\RELEASE\CAMERACALIBRATOR.PDB
C:\Users\Johan.Vu\Desktop\PTAMM\Release\CameraCalibrator.write.1.tlog
C:\Users\Johan.Vu\Desktop\PTAMM\Release\cl.command.1.tlog
C:\Users\Johan.Vu\Desktop\PTAMM\Release\CL.read.1.tlog
C:\Users\Johan.Vu\Desktop\PTAMM\Release\CL.write.1.tlog
C:\USERS\JOHAN.VU\DESKTOP\PTAMM\RELEASE\GLWINDOW2.OBJ
C:\USERS\JOHAN.VU\DESKTOP\PTAMM\RELEASE\GLWINDOWMENU.OBJ
C:\Users\Johan.Vu\Desktop\PTAMM\Release\link.command.1.tlog
C:\Users\Johan.Vu\Desktop\PTAMM\Release\link.read.1.tlog
C:\Users\Johan.Vu\Desktop\PTAMM\Release\link.write.1.tlog
C:\Users\Johan.Vu\Desktop\PTAMM\Release\mt.command.1.tlog
C:\Users\Johan.Vu\Desktop\PTAMM\Release\mt.read.1.tlog
C:\Users\Johan.Vu\Desktop\PTAMM\Release\mt.write.1.tlog
C:\USERS\JOHAN.VU\DESKTOP\PTAMM\RELEASE\VC100.PDB
C:\USERS\JOHAN.VU\DESKTOP\PTAMM\RELEASE\VIDEOSOURCE_WIN32_LIBVIDEOINPUT.OBJ
